

*******************************************************************************
Fri Mar 11 12:15:15 2011


FIT:    data read from './benchmarks_StdConvolution.txt' using 1:2:3
        format = x:z:s
        #datapoints = 13021
function used for fitting: f(x,y)
fitted parameters initialized with current variable values



*******************************************************************************
Fri Mar 11 12:15:23 2011


FIT:    data read from './benchmarks_StdConvolution.txt' using 1:3
        format = x:z
        #datapoints = 13021
        residuals are weighted equally (unit weight)

function used for fitting: f(x,y)
fitted parameters initialized with current variable values



*******************************************************************************
Fri Mar 11 12:17:54 2011


FIT:    data read from './benchmarks_StdConvolution.txt' using 1:3
        format = x:z
        #datapoints = 13021
        residuals are weighted equally (unit weight)

function used for fitting: f(x)
fitted parameters initialized with current variable values



*******************************************************************************
Fri Mar 11 12:21:15 2011


FIT:    data read from './benchmarks_StdConvolution.txt' using 1:2:3
        format = x:z:s
        #datapoints = 13021
function used for fitting: f(x)


*******************************************************************************
Fri Mar 11 12:21:25 2011


FIT:    data read from './benchmarks_StdConvolution.txt' using 1:2:3
        format = x:z:s
        #datapoints = 13021
function used for fitting: f(x)
fitted parameters initialized with current variable values



*******************************************************************************
Fri Mar 11 12:21:33 2011


FIT:    data read from './benchmarks_StdConvolution.txt' using 1:2:3
        format = x:z:s
        #datapoints = 13021
function used for fitting: f(x,y)
fitted parameters initialized with current variable values



*******************************************************************************
Fri Mar 11 12:21:35 2011


FIT:    data read from './benchmarks_StdConvolution.txt' using 1:2:3
        format = x:z:s
        #datapoints = 13021
function used for fitting: f(x,y)


*******************************************************************************
Fri Mar 11 12:30:02 2011


FIT:    data read from 'benchmarks_StdConvolution.txt' using 1:2:3:(1)
        format = x:y:z:s
        #datapoints = 13021
function used for fitting: h(x,y)
fitted parameters initialized with current variable values



 Iteration 0
 WSSR        : 4.66237e+11       delta(WSSR)/WSSR   : 0
 delta(WSSR) : 0                 limit for stopping : 1e-05
 lambda	  : 23457

initial set of free parameter values

a               = 1
b               = 1
c               = 1

After 7 iterations the fit converged.
final sum of squares of residuals : 237.546
rel. change during last iteration : 0

degrees of freedom    (FIT_NDF)                        : 13018
rms of residuals      (FIT_STDFIT) = sqrt(WSSR/ndf)    : 0.135083
variance of residuals (reduced chisquare) = WSSR/ndf   : 0.0182475

Final set of parameters            Asymptotic Standard Error
=======================            ==========================

a               = -0.0229583       +/- 1.761e+31    (7.672e+34%)
b               = -14.1614         +/- 1.672e+32    (1.181e+33%)
c               = -9.72573         +/- 3.246e+32    (3.338e+33%)


correlation matrix of the fit parameters:

               a      b      c      
a               1.000 
b               0.886  1.000 
c               0.463 -0.000  1.000 


*******************************************************************************
Fri Mar 11 12:31:37 2011


FIT:    data read from 'benchmarks_StdConvolution.txt' using 1:2:3:(1)
        format = x:y:z:s
        #datapoints = 13021
function used for fitting: h(x,y)
fitted parameters initialized with current variable values



 Iteration 0
 WSSR        : 77.729            delta(WSSR)/WSSR   : 0
 delta(WSSR) : 0                 limit for stopping : 1e-05
 lambda	  : 3.34941e+07

initial set of free parameter values

a               = 1e-09
b               = 2
c               = 2

After 2 iterations the fit converged.
final sum of squares of residuals : 0.974106
rel. change during last iteration : -5.16367e-08

degrees of freedom    (FIT_NDF)                        : 13018
rms of residuals      (FIT_STDFIT) = sqrt(WSSR/ndf)    : 0.00865029
variance of residuals (reduced chisquare) = WSSR/ndf   : 7.48276e-05

Final set of parameters            Asymptotic Standard Error
=======================            ==========================

a               = 2.32343e-09      +/- 4.467e-11    (1.923%)
b               = 2                +/- 0.002784     (0.1392%)
c               = 2                +/- 0.002799     (0.1399%)


correlation matrix of the fit parameters:

               a      b      c      
a               1.000 
b              -0.880  1.000 
c              -0.475  0.000  1.000 


*******************************************************************************
Fri Mar 11 12:31:54 2011


FIT:    data read from 'benchmarks_StdConvolution.txt' using 1:2:3:(1)
        format = x:y:z:s
        #datapoints = 13021
function used for fitting: h(x,y)
fitted parameters initialized with current variable values



 Iteration 0
 WSSR        : 77.729            delta(WSSR)/WSSR   : 0
 delta(WSSR) : 0                 limit for stopping : 1e-05
 lambda	  : 3.34941e+07

initial set of free parameter values

a               = 1e-09
b               = 2
c               = 2

After 2 iterations the fit converged.
final sum of squares of residuals : 0.974106
rel. change during last iteration : -5.16367e-08

degrees of freedom    (FIT_NDF)                        : 13018
rms of residuals      (FIT_STDFIT) = sqrt(WSSR/ndf)    : 0.00865029
variance of residuals (reduced chisquare) = WSSR/ndf   : 7.48276e-05

Final set of parameters            Asymptotic Standard Error
=======================            ==========================

a               = 2.32343e-09      +/- 4.467e-11    (1.923%)
b               = 2                +/- 0.002784     (0.1392%)
c               = 2                +/- 0.002799     (0.1399%)


correlation matrix of the fit parameters:

               a      b      c      
a               1.000 
b              -0.880  1.000 
c              -0.475  0.000  1.000 


*******************************************************************************
Fri Mar 11 12:32:15 2011


FIT:    data read from 'benchmarks_StdConvolution.txt' using 1:2:3:(1)
        format = x:y:z:s
        #datapoints = 13021
function used for fitting: h(x,y)
fitted parameters initialized with current variable values



 Iteration 0
 WSSR        : 77.729            delta(WSSR)/WSSR   : 0
 delta(WSSR) : 0                 limit for stopping : 1e-05
 lambda	  : 3.34941e+07

initial set of free parameter values

a               = 1e-09
b               = 2
c               = 2

After 2 iterations the fit converged.
final sum of squares of residuals : 0.974106
rel. change during last iteration : -5.16367e-08

degrees of freedom    (FIT_NDF)                        : 13018
rms of residuals      (FIT_STDFIT) = sqrt(WSSR/ndf)    : 0.00865029
variance of residuals (reduced chisquare) = WSSR/ndf   : 7.48276e-05

Final set of parameters            Asymptotic Standard Error
=======================            ==========================

a               = 2.32343e-09      +/- 4.467e-11    (1.923%)
b               = 2                +/- 0.002784     (0.1392%)
c               = 2                +/- 0.002799     (0.1399%)


correlation matrix of the fit parameters:

               a      b      c      
a               1.000 
b              -0.880  1.000 
c              -0.475  0.000  1.000 


*******************************************************************************
Fri Mar 11 12:33:34 2011


FIT:    data read from 'benchmarks_StdConvolution.txt' using 1:2:3:(1)
        format = x:y:z:s
        #datapoints = 13021
function used for fitting: h(x,y)
fitted parameters initialized with current variable values



 Iteration 0
 WSSR        : 77.729            delta(WSSR)/WSSR   : 0
 delta(WSSR) : 0                 limit for stopping : 1e-05
 lambda	  : 3.34941e+07

initial set of free parameter values

a               = 1e-09
b               = 2
c               = 2

After 2 iterations the fit converged.
final sum of squares of residuals : 0.974106
rel. change during last iteration : -5.16367e-08

degrees of freedom    (FIT_NDF)                        : 13018
rms of residuals      (FIT_STDFIT) = sqrt(WSSR/ndf)    : 0.00865029
variance of residuals (reduced chisquare) = WSSR/ndf   : 7.48276e-05

Final set of parameters            Asymptotic Standard Error
=======================            ==========================

a               = 2.32343e-09      +/- 4.467e-11    (1.923%)
b               = 2                +/- 0.002784     (0.1392%)
c               = 2                +/- 0.002799     (0.1399%)


correlation matrix of the fit parameters:

               a      b      c      
a               1.000 
b              -0.880  1.000 
c              -0.475  0.000  1.000 


*******************************************************************************
Fri Mar 11 12:33:53 2011


FIT:    data read from 'benchmarks_StdConvolution.txt' using 1:2:3:(1)
        format = x:y:z:s
        #datapoints = 13021
function used for fitting: h(x,y)
fitted parameters initialized with current variable values



 Iteration 0
 WSSR        : 5.81964e+09       delta(WSSR)/WSSR   : 0
 delta(WSSR) : 0                 limit for stopping : 1e-05
 lambda	  : 3.86056e+11

initial set of free parameter values

a               = 1e-09
b               = 3
c               = 3

After 3 iterations the fit converged.
final sum of squares of residuals : 16.8245
rel. change during last iteration : -1.71042e-14

degrees of freedom    (FIT_NDF)                        : 13018
rms of residuals      (FIT_STDFIT) = sqrt(WSSR/ndf)    : 0.03595
variance of residuals (reduced chisquare) = WSSR/ndf   : 0.0012924

Final set of parameters            Asymptotic Standard Error
=======================            ==========================

a               = 1.9471e-13       +/- 2.271e-14    (11.67%)
b               = 3                +/- 0.01664      (0.5547%)
c               = 3                +/- 0.01681      (0.5604%)


correlation matrix of the fit parameters:

               a      b      c      
a               1.000 
b              -0.878  1.000 
c              -0.479  0.000  1.000 


*******************************************************************************
Fri Mar 11 12:42:00 2011


FIT:    data read from 'benchmarks_StdConvolution.txt' using 1:2:3:(1)
        format = x:y:z:s
        #datapoints = 13021
function used for fitting: h(x,y)
fitted parameters initialized with current variable values



 Iteration 0
 WSSR        : 5.81964e+09       delta(WSSR)/WSSR   : 0
 delta(WSSR) : 0                 limit for stopping : 1e-05
 lambda	  : 3.86056e+11

initial set of free parameter values

a               = 1e-09
b               = 3
c               = 3

After 3 iterations the fit converged.
final sum of squares of residuals : 16.8245
rel. change during last iteration : -1.71042e-14

degrees of freedom    (FIT_NDF)                        : 13018
rms of residuals      (FIT_STDFIT) = sqrt(WSSR/ndf)    : 0.03595
variance of residuals (reduced chisquare) = WSSR/ndf   : 0.0012924

Final set of parameters            Asymptotic Standard Error
=======================            ==========================

a               = 1.9471e-13       +/- 2.271e-14    (11.67%)
b               = 3                +/- 0.01664      (0.5547%)
c               = 3                +/- 0.01681      (0.5604%)


correlation matrix of the fit parameters:

               a      b      c      
a               1.000 
b              -0.878  1.000 
c              -0.479  0.000  1.000 


*******************************************************************************
Fri Mar 11 12:42:58 2011


FIT:    data read from 'benchmarks_StdConvolution.txt' using 1:2:3:(1)
        format = x:y:z:s
        #datapoints = 13021
function used for fitting: h(x,y)
fitted parameters initialized with current variable values



 Iteration 0
 WSSR        : 5.81964e+09       delta(WSSR)/WSSR   : 0
 delta(WSSR) : 0                 limit for stopping : 1e-15
 lambda	  : 3.86056e+11

initial set of free parameter values

a               = 1e-09
b               = 3
c               = 3

After 4 iterations the fit converged.
final sum of squares of residuals : 16.8245
rel. change during last iteration : -2.11164e-16

degrees of freedom    (FIT_NDF)                        : 13018
rms of residuals      (FIT_STDFIT) = sqrt(WSSR/ndf)    : 0.03595
variance of residuals (reduced chisquare) = WSSR/ndf   : 0.0012924

Final set of parameters            Asymptotic Standard Error
=======================            ==========================

a               = 1.9471e-13       +/- 2.271e-14    (11.67%)
b               = 3                +/- 0.01664      (0.5547%)
c               = 3                +/- 0.01681      (0.5604%)


correlation matrix of the fit parameters:

               a      b      c      
a               1.000 
b              -0.878  1.000 
c              -0.479 -0.000  1.000 


*******************************************************************************
Fri Mar 11 12:43:20 2011


FIT:    data read from 'benchmarks_StdConvolution.txt' using 1:2:3
        format = x:z:s
        #datapoints = 13021
function used for fitting: h(x,y)
fitted parameters initialized with current variable values



 Iteration 0
 WSSR        : 4.19566e+10       delta(WSSR)/WSSR   : 0
 delta(WSSR) : 0                 limit for stopping : 1e-15
 lambda	  : 0

initial set of free parameter values

a               = 1e-09
b               = 3
c               = 3
BREAK:          Singular matrix in Givens()



*******************************************************************************
Fri Mar 11 12:43:51 2011


FIT:    data read from 'benchmarks_StdConvolution.txt' using 1:2:3:(1)
        format = x:y:z:s
        #datapoints = 13021
function used for fitting: h(x,y)
fitted parameters initialized with current variable values



 Iteration 0
 WSSR        : 9.16719e+17       delta(WSSR)/WSSR   : 0
 delta(WSSR) : 0                 limit for stopping : 1e-15
 lambda	  : 4.84435e+15

initial set of free parameter values

a               = 1e-09
b               = 4
c               = 4

After 6 iterations the fit converged.
final sum of squares of residuals : 42.1342
rel. change during last iteration : 0

degrees of freedom    (FIT_NDF)                        : 13018
rms of residuals      (FIT_STDFIT) = sqrt(WSSR/ndf)    : 0.0568913
variance of residuals (reduced chisquare) = WSSR/ndf   : 0.00323661

Final set of parameters            Asymptotic Standard Error
=======================            ==========================

a               = 1.46001e-17      +/- 3.696e-18    (25.32%)
b               = 4                +/- 0.03576      (0.8939%)
c               = 4                +/- 0.03628      (0.907%)


correlation matrix of the fit parameters:

               a      b      c      
a               1.000 
b              -0.876  1.000 
c              -0.482  0.000  1.000 


*******************************************************************************
Fri Mar 11 12:45:57 2011


FIT:    data read from 'benchmarks_StdConvolution.txt' using 1:2:3:(1)
        format = x:y:z:s
        #datapoints = 13021
function used for fitting: h(x,y)
fitted parameters initialized with current variable values



 Iteration 0
 WSSR        : 9.16719e+17       delta(WSSR)/WSSR   : 0
 delta(WSSR) : 0                 limit for stopping : 1e-15
 lambda	  : 4.18726e+07

initial set of free parameter values

b               = 4
c               = 4

After 32 iterations the fit converged.
final sum of squares of residuals : 0.480908
rel. change during last iteration : 0

degrees of freedom    (FIT_NDF)                        : 13019
rms of residuals      (FIT_STDFIT) = sqrt(WSSR/ndf)    : 0.00607774
variance of residuals (reduced chisquare) = WSSR/ndf   : 3.6939e-05

Final set of parameters            Asymptotic Standard Error
=======================            ==========================

b               = 2.24677          +/- 0.0008794    (0.03914%)
c               = 1.79961          +/- 0.001651     (0.09177%)


correlation matrix of the fit parameters:

               b      c      
b               1.000 
c              -0.997  1.000 


*******************************************************************************
Fri Mar 11 12:47:21 2011


FIT:    data read from 'benchmarks_StdConvolution.txt' using 1:2:3:(1)
        format = x:y:z:s
        #datapoints = 13021
function used for fitting: h(x,y)
fitted parameters initialized with current variable values



 Iteration 0
 WSSR        : 1.46675e+19       delta(WSSR)/WSSR   : 0
 delta(WSSR) : 0                 limit for stopping : 1e-15
 lambda	  : 1.6749e+08

initial set of free parameter values

b               = 4
c               = 4

After 25 iterations the fit converged.
final sum of squares of residuals : 0.174414
rel. change during last iteration : 0

degrees of freedom    (FIT_NDF)                        : 13019
rms of residuals      (FIT_STDFIT) = sqrt(WSSR/ndf)    : 0.00366017
variance of residuals (reduced chisquare) = WSSR/ndf   : 1.33968e-05

Final set of parameters            Asymptotic Standard Error
=======================            ==========================

b               = 2.0572           +/- 0.0005089    (0.02474%)
c               = 1.72604          +/- 0.0009552    (0.05534%)


correlation matrix of the fit parameters:

               b      c      
b               1.000 
c              -0.997  1.000 


*******************************************************************************
Fri Mar 11 13:47:10 2011


FIT:    data read from 'benchmarks_StdConvolution.txt' using 1:2:3:(1)
        format = x:y:z:s
        #datapoints = 13021
function used for fitting: h(x,y)
fitted parameters initialized with current variable values



 Iteration 0
 WSSR        : 2.69261           delta(WSSR)/WSSR   : 0
 delta(WSSR) : 0                 limit for stopping : 1e-15
 lambda	  : 0.591514

initial set of free parameter values

b               = 2
c               = 1.8

After 9 iterations the fit converged.
final sum of squares of residuals : 0.174414
rel. change during last iteration : 0

degrees of freedom    (FIT_NDF)                        : 13019
rms of residuals      (FIT_STDFIT) = sqrt(WSSR/ndf)    : 0.00366017
variance of residuals (reduced chisquare) = WSSR/ndf   : 1.33968e-05

Final set of parameters            Asymptotic Standard Error
=======================            ==========================

b               = 2.0572           +/- 0.0005089    (0.02474%)
c               = 1.72604          +/- 0.0009552    (0.05534%)


correlation matrix of the fit parameters:

               b      c      
b               1.000 
c              -0.997  1.000 


*******************************************************************************
Fri Mar 11 13:47:55 2011


FIT:    data read from 'benchmarks_StdConvolution.txt' using 1:2:3:(1)
        format = x:y:z:s
        #datapoints = 13021
function used for fitting: h(x,y)
fitted parameters initialized with current variable values



 Iteration 0
 WSSR        : 2.69261           delta(WSSR)/WSSR   : 0
 delta(WSSR) : 0                 limit for stopping : 1e-15
 lambda	  : 1.75163e+07

initial set of free parameter values

a               = 4e-09
b               = 2
c               = 1.8

After 13 iterations the fit converged.
final sum of squares of residuals : 0.172275
rel. change during last iteration : -4.83337e-16

degrees of freedom    (FIT_NDF)                        : 13018
rms of residuals      (FIT_STDFIT) = sqrt(WSSR/ndf)    : 0.0036378
variance of residuals (reduced chisquare) = WSSR/ndf   : 1.32336e-05

Final set of parameters            Asymptotic Standard Error
=======================            ==========================

a               = 3.60755e-09      +/- 2.908e-11    (0.8061%)
b               = 2.07121          +/- 0.001201     (0.05799%)
c               = 1.73177          +/- 0.00105      (0.06064%)


correlation matrix of the fit parameters:

               a      b      c      
a               1.000 
b              -0.906  1.000 
c              -0.421  0.000  1.000 


*******************************************************************************
Fri Mar 11 13:48:47 2011


FIT:    data read from 'benchmarks_StdConvolution.txt' using 1:2:3:(1)
        format = x:y:z:s
        #datapoints = 13021
function used for fitting: h(x,y)
fitted parameters initialized with current variable values



 Iteration 0
 WSSR        : 314.922           delta(WSSR)/WSSR   : 0
 delta(WSSR) : 0                 limit for stopping : 1e-15
 lambda	  : 3.34941e+07

initial set of free parameter values

a               = 5e-09
b               = 2
c               = 2

After 17 iterations the fit converged.
final sum of squares of residuals : 0.172275
rel. change during last iteration : -4.83337e-16

degrees of freedom    (FIT_NDF)                        : 13018
rms of residuals      (FIT_STDFIT) = sqrt(WSSR/ndf)    : 0.0036378
variance of residuals (reduced chisquare) = WSSR/ndf   : 1.32336e-05

Final set of parameters            Asymptotic Standard Error
=======================            ==========================

a               = 3.60755e-09      +/- 2.908e-11    (0.8061%)
b               = 2.07121          +/- 0.001201     (0.05799%)
c               = 1.73177          +/- 0.00105      (0.06064%)


correlation matrix of the fit parameters:

               a      b      c      
a               1.000 
b              -0.906  1.000 
c              -0.421 -0.000  1.000 


*******************************************************************************
Fri Mar 11 13:54:48 2011


FIT:    data read from 'benchmarks_StdConvolution.txt' using 1:2:4:(1)
        format = x:y:z:s
        #datapoints = 13021
function used for fitting: h(x,y)
fitted parameters initialized with current variable values



 Iteration 0
 WSSR        : 28.4411           delta(WSSR)/WSSR   : 0
 delta(WSSR) : 0                 limit for stopping : 1e-15
 lambda	  : 3.34941e+07

initial set of free parameter values

a               = 5e-09
b               = 2
c               = 2

After 32 iterations the fit converged.
final sum of squares of residuals : 0.175112
rel. change during last iteration : -9.51009e-16

degrees of freedom    (FIT_NDF)                        : 13018
rms of residuals      (FIT_STDFIT) = sqrt(WSSR/ndf)    : 0.00366764
variance of residuals (reduced chisquare) = WSSR/ndf   : 1.34516e-05

Final set of parameters            Asymptotic Standard Error
=======================            ==========================

a               = 6.70811e-09      +/- 2.981e-11    (0.4444%)
b               = 2.00857          +/- 0.0006534    (0.03253%)
c               = 1.84046          +/- 0.0006133    (0.03332%)


correlation matrix of the fit parameters:

               a      b      c      
a               1.000 
b              -0.894  1.000 
c              -0.448  0.000  1.000 


*******************************************************************************
Fri Mar 11 14:01:02 2011


FIT:    data read from 'benchmarks_StdConvolution.txt' using 1:2:4:(1)
        format = x:y:z:s
        #datapoints = 13021
function used for fitting: h(x,y)
fitted parameters initialized with current variable values



 Iteration 0
 WSSR        : 28.4411           delta(WSSR)/WSSR   : 0
 delta(WSSR) : 0                 limit for stopping : 1e-15
 lambda	  : 3.34941e+07

initial set of free parameter values

a               = 5e-09
b               = 2
c               = 2

After 32 iterations the fit converged.
final sum of squares of residuals : 0.175112
rel. change during last iteration : -9.51009e-16

degrees of freedom    (FIT_NDF)                        : 13018
rms of residuals      (FIT_STDFIT) = sqrt(WSSR/ndf)    : 0.00366764
variance of residuals (reduced chisquare) = WSSR/ndf   : 1.34516e-05

Final set of parameters            Asymptotic Standard Error
=======================            ==========================

a               = 6.70811e-09      +/- 2.981e-11    (0.4444%)
b               = 2.00857          +/- 0.0006534    (0.03253%)
c               = 1.84046          +/- 0.0006133    (0.03332%)


correlation matrix of the fit parameters:

               a      b      c      
a               1.000 
b              -0.894  1.000 
c              -0.448  0.000  1.000 
