\BOOKMARK [1][-]{section.1}{Introduction}{}
\BOOKMARK [2][-]{subsection.1.1}{Convolution product : linear and circular}{section.1}
\BOOKMARK [3][-]{subsubsection.1.1.1}{Definition}{subsection.1.1}
\BOOKMARK [3][-]{subsubsection.1.1.2}{Computational complexity}{subsection.1.1}
\BOOKMARK [2][-]{subsection.1.2}{Discrete Fourier Transform}{section.1}
\BOOKMARK [3][-]{subsubsection.1.2.1}{Introduction}{subsection.1.2}
\BOOKMARK [3][-]{subsubsection.1.2.2}{Computing a 2D Fourier transform from 1D Fourier transforms}{subsection.1.2}
\BOOKMARK [3][-]{subsubsection.1.2.3}{Computing 2 DFT at once}{subsection.1.2}
\BOOKMARK [3][-]{subsubsection.1.2.4}{Fast Fourier Transform}{subsection.1.2}
\BOOKMARK [3][-]{subsubsection.1.2.5}{Computational complexity}{subsection.1.2}
\BOOKMARK [1][-]{section.2}{2D Convolution product using the Discrete Fourier Transform}{}
\BOOKMARK [2][-]{subsection.2.1}{Introduction}{section.2}
\BOOKMARK [3][-]{subsubsection.2.1.1}{Convolution theorem : circular convolution and fourier transform}{subsection.2.1}
\BOOKMARK [3][-]{subsubsection.2.1.2}{Circular convolution of signals of different sizes}{subsection.2.1}
\BOOKMARK [3][-]{subsubsection.2.1.3}{Circular convolution : summary}{subsection.2.1}
\BOOKMARK [3][-]{subsubsection.2.1.4}{Linear convolutions : particular cases of circular convolution}{subsection.2.1}
\BOOKMARK [2][-]{subsection.2.2}{Speeding-up by padding}{section.2}
\BOOKMARK [3][-]{subsubsection.2.2.1}{Linear convolution}{subsection.2.2}
\BOOKMARK [3][-]{subsubsection.2.2.2}{Circular convolution}{subsection.2.2}
\BOOKMARK [2][-]{subsection.2.3}{Comparison between FFT based and standard convolution}{section.2}
\BOOKMARK [2][-]{subsection.2.4}{Putting everything together: 2D image Convolution using the FFT}{section.2}
\BOOKMARK [1][-]{section.3}{C++ Implementations}{}
\BOOKMARK [1][-]{section.4}{References}{}
